<?xml version="1.0" encoding="UTF-8"?>
<!-- Generated by org.testng.reporters.JUnitReportReporter -->
<testsuite hostname="AnkitDhakulkar" failures="0" tests="1" name="MobileAutomation.MobileAutomationFramework.E_CommerceTestCase_4_Hybrid_WebView" time="20.406" errors="0" timestamp="2025-01-28T18:27:00 IST" skipped="0">
  <testcase classname="MobileAutomation.MobileAutomationFramework.E_CommerceTestCase_4_Hybrid_WebView" name="fillform" time="20.406"/>
  <system-out/>
</testsuite> <!-- MobileAutomation.MobileAutomationFramework.E_CommerceTestCase_4_Hybrid_WebView -->
