<?xml version="1.0" encoding="UTF-8"?>
<!-- Generated by org.testng.reporters.JUnitReportReporter -->
<testsuite hostname="AnkitDhakulkar" failures="0" tests="2" name="MobileAutomation.MobileAutomationFramework.MultipleTestScenario" time="21.866" errors="0" timestamp="2025-03-17T12:40:57 IST" skipped="0">
  <testcase classname="MobileAutomation.MobileAutomationFramework.MultipleTestScenario" name="ToastErrorMessage_Validation" time="8.082"/>
  <system-out/>
  <testcase classname="MobileAutomation.MobileAutomationFramework.MultipleTestScenario" name="Positive_Flow" time="13.784"/>
  <system-out/>
</testsuite> <!-- MobileAutomation.MobileAutomationFramework.MultipleTestScenario -->
