<?xml version="1.0" encoding="UTF-8"?>
<!-- Generated by org.testng.reporters.JUnitReportReporter -->
<testsuite hostname="AnkitDhakulkar" failures="0" tests="1" name="MobileAutomation.MobileAutomationFramework.E_CommerceTestCase_4_Hybrid_WebView" time="24.571" errors="0" timestamp="2025-03-18T12:31:10 IST" skipped="0">
  <testcase classname="MobileAutomation.MobileAutomationFramework.E_CommerceTestCase_4_Hybrid_WebView" name="fillform" time="24.571"/>
  <system-out/>
</testsuite> <!-- MobileAutomation.MobileAutomationFramework.E_CommerceTestCase_4_Hybrid_WebView -->
