<?xml version="1.0" encoding="UTF-8"?>
<!-- Generated by org.testng.reporters.JUnitReportReporter -->
<testsuite hostname="AnkitDhakulkar" failures="0" tests="2" name="MobileAutomation.MobileAutomationFramework.MultipleTestScenario" time="22.489" errors="0" timestamp="2025-03-18T14:46:35 IST" skipped="0">
  <testcase classname="MobileAutomation.MobileAutomationFramework.MultipleTestScenario" name="ToastErrorMessage_Validation" time="7.811"/>
  <system-out/>
  <testcase classname="MobileAutomation.MobileAutomationFramework.MultipleTestScenario" name="Positive_Flow" time="14.678"/>
  <system-out/>
</testsuite> <!-- MobileAutomation.MobileAutomationFramework.MultipleTestScenario -->
